{
  "RSpec": {
    "coverage": {
      "/Users/stanislavnosovskyi/Desktop/users_redis/users_redis/app/controllers/api/v1/users_controller.rb": {
        "lines": [
          1,
          1,
          1,
          1,
          3,
          3,
          null,
          null,
          null,
          1,
          2,
          2,
          null,
          null,
          null,
          1,
          null,
          1,
          5,
          null,
          null,
          null,
          null
        ]
      },
      "/Users/stanislavnosovskyi/Desktop/users_redis/users_redis/app/controllers/application_controller.rb": {
        "lines": [
          1,
          null
        ]
      },
      "/Users/stanislavnosovskyi/Desktop/users_redis/users_redis/app/services/helpers/password_handler_helper.rb": {
        "lines": [
          1,
          null,
          1,
          3,
          null,
          null,
          1,
          4,
          null,
          null,
          1,
          0,
          null,
          null,
          1,
          3,
          3,
          null,
          null
        ]
      },
      "/Users/stanislavnosovskyi/Desktop/users_redis/users_redis/app/services/user_service.rb": {
        "lines": [
          null,
          1,
          1,
          1,
          null,
          1,
          1,
          5,
          5,
          3,
          3,
          null,
          null,
          3,
          null,
          2,
          null,
          0,
          null,
          null,
          1,
          null,
          1,
          6,
          6,
          6,
          4,
          2,
          null,
          2,
          2,
          null,
          2,
          2,
          null,
          null,
          1,
          null,
          1,
          0,
          0,
          0,
          0,
          null,
          null,
          1,
          3,
          null,
          null,
          1,
          19,
          null,
          null,
          1,
          5,
          null,
          null,
          null,
          null
        ]
      },
      "/Users/stanislavnosovskyi/Desktop/users_redis/users_redis/app/services/helpers/errors_handler_helper.rb": {
        "lines": [
          1,
          1,
          5,
          null,
          null,
          1,
          4,
          null,
          null,
          1,
          6,
          null,
          null,
          1,
          3,
          null,
          null,
          1,
          1,
          2,
          null,
          null,
          1,
          4,
          null,
          null,
          null,
          1,
          1,
          4,
          null,
          null,
          null,
          1,
          1,
          0,
          null,
          null,
          null,
          1,
          5,
          null,
          null,
          null,
          5,
          null,
          null,
          1,
          6,
          null,
          null,
          null,
          6,
          null,
          null,
          1,
          11,
          null,
          null,
          null,
          null
        ]
      },
      "/Users/stanislavnosovskyi/Desktop/users_redis/users_redis/app/channels/application_cable/channel.rb": {
        "lines": [
          0,
          0,
          0,
          0
        ],
        "branches": {
        }
      },
      "/Users/stanislavnosovskyi/Desktop/users_redis/users_redis/app/channels/application_cable/connection.rb": {
        "lines": [
          0,
          0,
          0,
          0
        ],
        "branches": {
        }
      },
      "/Users/stanislavnosovskyi/Desktop/users_redis/users_redis/app/jobs/application_job.rb": {
        "lines": [
          0,
          null,
          null,
          null,
          null,
          null,
          0
        ],
        "branches": {
        }
      },
      "/Users/stanislavnosovskyi/Desktop/users_redis/users_redis/app/mailers/application_mailer.rb": {
        "lines": [
          0,
          0,
          0,
          0
        ],
        "branches": {
        }
      },
      "/Users/stanislavnosovskyi/Desktop/users_redis/users_redis/app/models/application_record.rb": {
        "lines": [
          0,
          0,
          0
        ],
        "branches": {
        }
      }
    },
    "timestamp": 1667256649
  }
}
